<?xml version="1.0" encoding="UTF-8"?>
<testng-results ignored="0" total="1" passed="1" failed="0" skipped="0">
  <reporter-output>
  </reporter-output>
  <suite started-at="2021-04-14T10:12:46 CDT" name="Default suite" finished-at="2021-04-14T10:12:56 CDT" duration-ms="9784">
    <groups>
    </groups>
    <test started-at="2021-04-14T10:12:46 CDT" name="Default test" finished-at="2021-04-14T10:12:56 CDT" duration-ms="9784">
      <class name="MavenTest.MavenSubProject.ExtentReportTest">
        <test-method is-config="true" signature="config()[pri:0, instance:MavenTest.MavenSubProject.ExtentReportTest@5276e6b0]" started-at="2021-04-14T10:12:46 CDT" name="config" finished-at="2021-04-14T10:12:46 CDT" duration-ms="375" status="PASS">
          <reporter-output>
          </reporter-output>
        </test-method> <!-- config -->
        <test-method signature="driverinit()[pri:0, instance:MavenTest.MavenSubProject.ExtentReportTest@5276e6b0]" started-at="2021-04-14T10:12:46 CDT" name="driverinit" finished-at="2021-04-14T10:12:56 CDT" duration-ms="9365" status="PASS">
          <reporter-output>
          </reporter-output>
        </test-method> <!-- driverinit -->
      </class> <!-- MavenTest.MavenSubProject.ExtentReportTest -->
    </test> <!-- Default test -->
  </suite> <!-- Default suite -->
</testng-results>
